2021-05-15 17:26:31,403 DEBUG - Starting WinSW in console mode
2021-05-15 17:26:31,458 INFO  - Installing service 'Desktop Cleaner (cleaner)'...
2021-05-15 17:26:31,509 INFO  - Service 'Desktop Cleaner (cleaner)' was installed successfully.
2021-05-15 17:27:29,415 DEBUG - Starting WinSW in service mode
2021-05-15 17:27:29,503 INFO  - Starting D:\Cleaer\Service.exe 
2021-05-15 17:27:29,556 ERROR - Failed to start service.
System.ComponentModel.Win32Exception: 系统找不到指定的文件。
   在 System.Diagnostics.Process.StartWithCreateProcess(ProcessStartInfo startInfo)
   在 WinSW.Util.ProcessHelper.StartProcessAndCallbackForExit(Process processToStart, String executable, String arguments, Dictionary`2 envVars, String workingDirectory, Nullable`1 priority, ProcessCompletionCallback callback, LogHandler logHandler, Boolean hideWindow)
   在 WinSW.WrapperService.StartProcess(Process processToStart, String arguments, String executable, LogHandler logHandler)
   在 WinSW.WrapperService.DoStart()
   在 WinSW.WrapperService.OnStart(String[] args)
2021-05-15 17:28:02,858 DEBUG - Starting WinSW in console mode
2021-05-15 17:28:02,911 INFO  - Uninstalling service 'Desktop Cleaner (cleaner)'...
2021-05-15 17:28:02,926 INFO  - Service 'Desktop Cleaner (cleaner)' was uninstalled successfully.
2021-05-15 17:28:48,801 DEBUG - Starting WinSW in console mode
2021-05-15 17:28:49,899 DEBUG - Starting WinSW in console mode
2021-05-15 17:28:49,960 INFO  - Installing service 'Desktop Cleaner (cleaner)'...
2021-05-15 17:28:49,996 INFO  - Service 'Desktop Cleaner (cleaner)' was installed successfully.
2021-05-15 17:28:54,970 DEBUG - Starting WinSW in console mode
2021-05-15 17:28:56,016 DEBUG - Starting WinSW in console mode
2021-05-15 17:28:56,085 INFO  - Uninstalling service 'Desktop Cleaner (cleaner)'...
2021-05-15 17:28:56,110 INFO  - Service 'Desktop Cleaner (cleaner)' was uninstalled successfully.
2021-05-15 17:35:02,524 DEBUG - Starting WinSW in console mode
2021-05-15 17:35:03,607 DEBUG - Starting WinSW in console mode
2021-05-15 17:35:03,662 INFO  - Uninstalling service 'Desktop Cleaner (cleaner)'...
2021-05-15 17:35:03,695 INFO  - Service 'Desktop Cleaner (cleaner)' was uninstalled successfully.
